<?xml version="1.0" encoding="UTF-8"?>
<!-- Generated by org.testng.reporters.JUnitReportReporter -->
<testsuite hostname="Sivambika" name="TestNG.DemoB" tests="1" failures="0" timestamp="20 Sep 2018 04:10:51 GMT" time="0.006" errors="0">
  <testcase name="testb" time="0.006" classname="TestNG.DemoB"/>
</testsuite> <!-- TestNG.DemoB -->
