<?xml version="1.0" encoding="UTF-8"?>
<!-- Generated by org.testng.reporters.JUnitReportReporter -->
<testsuite hostname="Sivambika" name="qsp.Assert_SoftAssert" tests="1" failures="0" timestamp="25 Sep 2018 16:32:27 GMT" time="22.404" errors="0">
  <testcase name="Createuser_Assert" time="22.404" classname="qsp.Assert_SoftAssert"/>
</testsuite> <!-- qsp.Assert_SoftAssert -->
