<?xml version="1.0" encoding="UTF-8"?>
<!-- Generated by org.testng.reporters.JUnitReportReporter -->
<testsuite hostname="Sivambika" name="TestNG.DemoA" tests="1" failures="0" timestamp="21 Sep 2018 02:54:33 GMT" time="0.013" errors="0">
  <testcase name="testA" time="0.013" classname="TestNG.DemoA"/>
</testsuite> <!-- TestNG.DemoA -->
