<?xml version="1.0" encoding="UTF-8"?>
<!-- Generated by org.testng.reporters.JUnitReportReporter -->
<testsuite hostname="Sivambika" name="qsp.Parameter28" tests="1" failures="0" timestamp="26 Sep 2018 03:51:07 GMT" time="0.031" errors="0">
  <testcase name="testA" time="0.031" classname="qsp.Parameter28"/>
</testsuite> <!-- qsp.Parameter28 -->
