<?xml version="1.0" encoding="UTF-8"?>
<!-- Generated by org.testng.reporters.JUnitReportReporter -->
<testsuite hostname="Sivambika" name="TestNG.DemoC" tests="1" failures="0" timestamp="21 Sep 2018 02:54:33 GMT" time="0.002" errors="0">
  <testcase name="democ" time="0.002" classname="TestNG.DemoC"/>
</testsuite> <!-- TestNG.DemoC -->
