<?xml version="1.0" encoding="UTF-8"?>
<!-- Generated by org.testng.reporters.JUnitReportReporter -->
<testsuite hostname="Sivambika" name="TestNG.DemoA1" tests="4" failures="0" timestamp="21 Sep 2018 03:27:33 GMT" time="0.032" errors="0">
  <testcase name="edituser" time="0.011" classname="TestNG.DemoA1"/>
  <testcase name="edituser" time="0.007" classname="TestNG.DemoA1"/>
  <testcase name="edituser" time="0.004" classname="TestNG.DemoA1"/>
  <testcase name="Createuser" time="0.010" classname="TestNG.DemoA1"/>
</testsuite> <!-- TestNG.DemoA1 -->
