<?xml version="1.0" encoding="UTF-8"?>
<!-- Generated by org.testng.reporters.JUnitReportReporter -->
<testsuite hostname="Sivambika" name="muharram.DemoA" tests="1" failures="0" timestamp="21 Sep 2018 03:56:52 GMT" time="0.007" errors="0">
  <testcase name="testA" time="0.007" classname="muharram.DemoA"/>
</testsuite> <!-- muharram.DemoA -->
