<?xml version="1.0" encoding="UTF-8"?>
<!-- Generated by org.testng.reporters.JUnitReportReporter -->
<testsuite hostname="Sivambika" name="muharram.DemoB" tests="2" failures="0" timestamp="21 Sep 2018 03:56:52 GMT" time="0.006" errors="0">
  <testcase name="testB2" time="0.003" classname="muharram.DemoB"/>
  <testcase name="testB1" time="0.003" classname="muharram.DemoB"/>
</testsuite> <!-- muharram.DemoB -->
