<?xml version="1.0" encoding="UTF-8"?>
<!-- Generated by org.testng.reporters.JUnitReportReporter -->
<testsuite hostname="Sivambika" name="qsp.Dataproperties31" tests="1" failures="0" timestamp="28 Sep 2018 03:20:31 GMT" time="0.029" errors="0">
  <testcase name="Dataproperties31" time="0.029" classname="qsp.Dataproperties31"/>
</testsuite> <!-- qsp.Dataproperties31 -->
